Homework-Chapter-7/app/build/intermediates/manifest_merge_blame_file/debug/manifest-merger-blame-debug-report.txt
1<?xml version="1.0" encoding="utf-8"?>
2<manifest xmlns:android="http://schemas.android.com/apk/res/android"
3    package="com.example.mediaworksdemo"
4    android:versionCode="1"
5    android:versionName="1.0" >
6
7    <uses-sdk
8        android:minSdkVersion="24"
8-->src\main\AndroidManifest.xml
9        android:targetSdkVersion="30" />
9-->src\main\AndroidManifest.xml
10
11    <permission android:name="android.permission.CHANGE_CONFIGURATION" />
11-->src\main\AndroidManifest.xml:5:5-73
11-->src\main\AndroidManifest.xml:5:17-71
12
13    <uses-permission android:name="android.permission.INTERNET" />
13-->src\main\AndroidManifest.xml:6:5-67
13-->src\main\AndroidManifest.xml:6:22-64
14
15    <application
15-->src\main\AndroidManifest.xml:7:5-26:19
16        android:allowBackup="true"
16-->src\main\AndroidManifest.xml:8:9-35
17        android:appComponentFactory="androidx.core.app.CoreComponentFactory"
17-->[androidx.core:core:1.1.0] AndroidManifest.xml:24:18-86
18        android:debuggable="true"
19        android:extractNativeLibs="false"
20        android:icon="@mipmap/ic_launcher"
20-->src\main\AndroidManifest.xml:9:9-43
21        android:label="@string/app_name"
21-->src\main\AndroidManifest.xml:10:9-41
22        android:roundIcon="@mipmap/ic_launcher_round"
22-->src\main\AndroidManifest.xml:11:9-54
23        android:supportsRtl="true"
23-->src\main\AndroidManifest.xml:12:9-35
24        android:testOnly="true"
25        android:theme="@style/Theme.MediaWorksDemo" >
25-->src\main\AndroidManifest.xml:13:9-52
26        <activity android:name="com.example.mediaworksdemo.MainActivity" >
26-->src\main\AndroidManifest.xml:14:9-20:20
26-->src\main\AndroidManifest.xml:14:19-47
27            <intent-filter>
27-->src\main\AndroidManifest.xml:15:13-19:29
28                <action android:name="android.intent.action.MAIN" />
28-->src\main\AndroidManifest.xml:16:17-69
28-->src\main\AndroidManifest.xml:16:25-66
29
30                <category android:name="android.intent.category.LAUNCHER" />
30-->src\main\AndroidManifest.xml:18:17-77
30-->src\main\AndroidManifest.xml:18:27-74
31            </intent-filter>
32        </activity>
33        <activity android:name="com.example.mediaworksdemo.PictureDetailActivity" />
33-->src\main\AndroidManifest.xml:21:9-59
33-->src\main\AndroidManifest.xml:21:19-56
34        <activity
34-->src\main\AndroidManifest.xml:22:9-25:50
35            android:name="com.example.mediaworksdemo.VideoDetailActivity"
35-->src\main\AndroidManifest.xml:23:13-48
36            android:configChanges="orientation|screenSize"
36-->src\main\AndroidManifest.xml:24:13-59
37            android:screenOrientation="sensor" />
37-->src\main\AndroidManifest.xml:25:13-47
38    </application>
39
40</manifest>